# JRE version: OpenJDK Runtime Environment (21.0.8) (build 21.0.8+-14196175-b1038.72)
# Java VM: OpenJDK 64-Bit Server VM (21.0.8+-14196175-b1038.72, mixed mode, tiered, compressed oops, compressed class ptrs, g1 gc, windows-amd64)
GC Precious Log:
 CardTable entry size: 512
 Card Set container configuration: InlinePtr #cards 4 size 8 Array Of Cards #cards 16 size 48 Howl #buckets 8 coarsen threshold 3686 Howl Bitmap #cards 512 size 80 coarsen threshold 460 Card regions per heap region 1 cards per card region 4096
 CPUs: 8 total, 8 available
 Memory: 7932M
 Large Page Support: Disabled
 NUMA Support: Disabled
 Compressed Oops: Enabled (Zero based)
 Heap Region Size: 2M
 Heap Min Capacity: 8M
 Heap Initial Capacity: 124M
 Heap Max Capacity: 3G
 Pre-touch: Disabled
 Parallel Workers: 8
 Concurrent Workers: 2
 Concurrent Refinement Workers: 8
 Periodic GC: Disabled
Heap:
 garbage-first heap   total 468992K, used 201769K [0x0000000740000000, 0x0000000800000000)
  region size 2048K, 2 young (4096K), 2 survivors (4096K)
 Metaspace       used 169072K, committed 171584K, reserved 1245184K
  class space    used 23418K, committed 24640K, reserved 1048576K
GC Heap History (20 events):
Event: 604.755 GC heap after
{Heap after GC invocations=71 (full 0):
 garbage-first heap   total 344064K, used 190329K [0x0000000740000000, 0x0000000800000000)
  region size 2048K, 1 young (2048K), 1 survivors (2048K)
 Metaspace       used 157001K, committed 159552K, reserved 1245184K
  class space    used 22312K, committed 23552K, reserved 1048576K
}
Event: 609.923 GC heap before
{Heap before GC invocations=71 (full 0):
 garbage-first heap   total 344064K, used 214905K [0x0000000740000000, 0x0000000800000000)
  region size 2048K, 14 young (28672K), 1 survivors (2048K)
 Metaspace       used 158294K, committed 160832K, reserved 1245184K
  class space    used 22484K, committed 23744K, reserved 1048576K
}
Event: 609.937 GC heap after
{Heap after GC invocations=72 (full 0):
 garbage-first heap   total 344064K, used 192962K [0x0000000740000000, 0x0000000800000000)
  region size 2048K, 2 young (4096K), 2 survivors (4096K)
 Metaspace       used 158294K, committed 160832K, reserved 1245184K
  class space    used 22484K, committed 23744K, reserved 1048576K
}
Event: 611.762 GC heap before
{Heap before GC invocations=72 (full 0):
 garbage-first heap   total 344064K, used 209346K [0x0000000740000000, 0x0000000800000000)
  region size 2048K, 10 young (20480K), 2 survivors (4096K)
 Metaspace       used 158710K, committed 161216K, reserved 1245184K
  class space    used 22505K, committed 23744K, reserved 1048576K
}
Event: 611.777 GC heap after
{Heap after GC invocations=73 (full 0):
 garbage-first heap   total 344064K, used 196167K [0x0000000740000000, 0x0000000800000000)
  region size 2048K, 2 young (4096K), 2 survivors (4096K)
 Metaspace       used 158710K, committed 161216K, reserved 1245184K
  class space    used 22505K, committed 23744K, reserved 1048576K
}
Event: 632.542 GC heap before
{Heap before GC invocations=73 (full 0):
 garbage-first heap   total 344064K, used 306759K [0x0000000740000000, 0x0000000800000000)
  region size 2048K, 58 young (118784K), 2 survivors (4096K)
 Metaspace       used 163748K, committed 166272K, reserved 1245184K
  class space    used 22978K, committed 24192K, reserved 1048576K
}
Event: 632.615 GC heap after
{Heap after GC invocations=74 (full 0):
 garbage-first heap   total 344064K, used 199265K [0x0000000740000000, 0x0000000800000000)
  region size 2048K, 4 young (8192K), 4 survivors (8192K)
 Metaspace       used 163748K, committed 166272K, reserved 1245184K
  class space    used 22978K, committed 24192K, reserved 1048576K
}
Event: 639.889 GC heap before
{Heap before GC invocations=75 (full 0):
 garbage-first heap   total 378880K, used 375393K [0x0000000740000000, 0x0000000800000000)
  region size 2048K, 55 young (112640K), 4 survivors (8192K)
 Metaspace       used 168426K, committed 170880K, reserved 1245184K
  class space    used 23368K, committed 24576K, reserved 1048576K
}
Event: 639.909 GC heap after
{Heap after GC invocations=76 (full 0):
 garbage-first heap   total 389120K, used 202421K [0x0000000740000000, 0x0000000800000000)
  region size 2048K, 5 young (10240K), 5 survivors (10240K)
 Metaspace       used 168426K, committed 170880K, reserved 1245184K
  class space    used 23368K, committed 24576K, reserved 1048576K
}
Event: 639.947 GC heap before
{Heap before GC invocations=76 (full 0):
 garbage-first heap   total 389120K, used 210613K [0x0000000740000000, 0x0000000800000000)
  region size 2048K, 9 young (18432K), 5 survivors (10240K)
 Metaspace       used 168428K, committed 170880K, reserved 1245184K
  class space    used 23368K, committed 24576K, reserved 1048576K
}
Event: 639.964 GC heap after
{Heap after GC invocations=77 (full 0):
 garbage-first heap   total 468992K, used 197128K [0x0000000740000000, 0x0000000800000000)
  region size 2048K, 1 young (2048K), 1 survivors (2048K)
 Metaspace       used 168428K, committed 170880K, reserved 1245184K
  class space    used 23368K, committed 24576K, reserved 1048576K
}
Event: 641.486 GC heap before
{Heap before GC invocations=77 (full 0):
 garbage-first heap   total 468992K, used 266760K [0x0000000740000000, 0x0000000800000000)
  region size 2048K, 36 young (73728K), 1 survivors (2048K)
 Metaspace       used 168765K, committed 171328K, reserved 1245184K
  class space    used 23399K, committed 24640K, reserved 1048576K
}
Event: 641.518 GC heap after
{Heap after GC invocations=78 (full 0):
 garbage-first heap   total 468992K, used 201650K [0x0000000740000000, 0x0000000800000000)
  region size 2048K, 5 young (10240K), 5 survivors (10240K)
 Metaspace       used 168765K, committed 171328K, reserved 1245184K
  class space    used 23399K, committed 24640K, reserved 1048576K
}
Event: 641.677 GC heap before
{Heap before GC invocations=78 (full 0):
 garbage-first heap   total 468992K, used 211890K [0x0000000740000000, 0x0000000800000000)
  region size 2048K, 11 young (22528K), 5 survivors (10240K)
 Metaspace       used 168827K, committed 171392K, reserved 1245184K
  class space    used 23399K, committed 24640K, reserved 1048576K
}
Event: 641.715 GC heap after
{Heap after GC invocations=79 (full 0):
 garbage-first heap   total 468992K, used 200246K [0x0000000740000000, 0x0000000800000000)
  region size 2048K, 2 young (4096K), 2 survivors (4096K)
 Metaspace       used 168827K, committed 171392K, reserved 1245184K
  class space    used 23399K, committed 24640K, reserved 1048576K
}
Event: 642.046 GC heap before
{Heap before GC invocations=79 (full 0):
 garbage-first heap   total 468992K, used 222774K [0x0000000740000000, 0x0000000800000000)
  region size 2048K, 14 young (28672K), 2 survivors (4096K)
 Metaspace       used 168899K, committed 171456K, reserved 1245184K
  class space    used 23406K, committed 24640K, reserved 1048576K
}
Event: 642.124 GC heap after
{Heap after GC invocations=80 (full 0):
 garbage-first heap   total 468992K, used 200521K [0x0000000740000000, 0x0000000800000000)
  region size 2048K, 2 young (4096K), 2 survivors (4096K)
 Metaspace       used 168899K, committed 171456K, reserved 1245184K
  class space    used 23406K, committed 24640K, reserved 1048576K
}
Event: 642.359 GC heap before
{Heap before GC invocations=80 (full 0):
 garbage-first heap   total 468992K, used 227145K [0x0000000740000000, 0x0000000800000000)
  region size 2048K, 15 young (30720K), 2 survivors (4096K)
 Metaspace       used 168940K, committed 171456K, reserved 1245184K
  class space    used 23409K, committed 24640K, reserved 1048576K
}
Event: 642.523 GC heap after
{Heap after GC invocations=81 (full 0):
 garbage-first heap   total 468992K, used 201691K [0x0000000740000000, 0x0000000800000000)
  region size 2048K, 2 young (4096K), 2 survivors (4096K)
 Metaspace       used 168940K, committed 171456K, reserved 1245184K
  class space    used 23409K, committed 24640K, reserved 1048576K
}
Event: 642.869 GC heap before
{Heap before GC invocations=81 (full 0):
 garbage-first heap   total 468992K, used 226267K [0x0000000740000000, 0x0000000800000000)
  region size 2048K, 14 young (28672K), 2 survivors (4096K)
 Metaspace       used 169072K, committed 171584K, reserved 1245184K
  class space    used 23418K, committed 24640K, reserved 1048576K
}

